0 info it worked if it ends with ok
1 verbose cli [ 'C:\\Program Files (x86)\\nodejs\\node.exe',
1 verbose cli   'C:\\Program Files (x86)\\nodejs\\node_modules\\npm\\bin\\npm-cli.js',
1 verbose cli   'install' ]
2 info using npm@2.14.12
3 info using node@v4.2.6
4 verbose readDependencies loading dependencies from C:\projects\angular2-quickstart\package.json
5 warn package.json angular2-quickstart@1.0.0 No description
6 warn package.json angular2-quickstart@1.0.0 No repository field.
7 warn package.json angular2-quickstart@1.0.0 No README data
8 verbose install where, deps [ 'C:\\projects\\angular2-quickstart',
8 verbose install   [ 'angular2',
8 verbose install     'systemjs',
8 verbose install     'es6-promise',
8 verbose install     'es6-shim',
8 verbose install     'reflect-metadata',
8 verbose install     'rxjs',
8 verbose install     'zone.js',
8 verbose install     'concurrently',
8 verbose install     'lite-server',
8 verbose install     'typescript' ] ]
9 verbose install where, peers [ 'C:\\projects\\angular2-quickstart', [] ]
10 verbose installManyTop reading for lifecycle C:\projects\angular2-quickstart\package.json
11 info preinstall angular2-quickstart@1.0.0
12 verbose installManyTop reading scoped package data from C:\projects\angular2-quickstart\node_modules\angular2\package.json
13 verbose installManyTop reading scoped package data from C:\projects\angular2-quickstart\node_modules\concurrently\package.json
14 verbose installManyTop reading scoped package data from C:\projects\angular2-quickstart\node_modules\es6-promise\package.json
15 verbose installManyTop reading scoped package data from C:\projects\angular2-quickstart\node_modules\es6-shim\package.json
16 verbose installManyTop reading scoped package data from C:\projects\angular2-quickstart\node_modules\lite-server\package.json
17 verbose installManyTop reading scoped package data from C:\projects\angular2-quickstart\node_modules\reflect-metadata\package.json
18 verbose installManyTop reading scoped package data from C:\projects\angular2-quickstart\node_modules\rxjs\package.json
19 verbose installManyTop reading scoped package data from C:\projects\angular2-quickstart\node_modules\systemjs\package.json
20 verbose installManyTop reading scoped package data from C:\projects\angular2-quickstart\node_modules\typescript\package.json
21 verbose readDependencies loading dependencies from C:\projects\angular2-quickstart\package.json
22 verbose targetResolver reading package data from C:\projects\angular2-quickstart\node_modules\angular2\package.json
23 verbose targetResolver reading package data from C:\projects\angular2-quickstart\node_modules\concurrently\package.json
24 verbose targetResolver reading package data from C:\projects\angular2-quickstart\node_modules\es6-promise\package.json
25 verbose targetResolver reading package data from C:\projects\angular2-quickstart\node_modules\es6-shim\package.json
26 verbose targetResolver reading package data from C:\projects\angular2-quickstart\node_modules\lite-server\package.json
27 verbose targetResolver reading package data from C:\projects\angular2-quickstart\node_modules\reflect-metadata\package.json
28 verbose targetResolver reading package data from C:\projects\angular2-quickstart\node_modules\rxjs\package.json
29 verbose targetResolver reading package data from C:\projects\angular2-quickstart\node_modules\systemjs\package.json
30 verbose targetResolver reading package data from C:\projects\angular2-quickstart\node_modules\typescript\package.json
31 verbose targetResolver reading package data from C:\projects\angular2-quickstart\node_modules\.bin\concurrent\package.json
32 verbose targetResolver reading package data from C:\projects\angular2-quickstart\node_modules\.bin\concurrent.cmd\package.json
33 verbose targetResolver reading package data from C:\projects\angular2-quickstart\node_modules\.bin\lite-server\package.json
34 verbose targetResolver reading package data from C:\projects\angular2-quickstart\node_modules\.bin\lite-server.cmd\package.json
35 verbose targetResolver reading package data from C:\projects\angular2-quickstart\node_modules\.bin\tsc\package.json
36 verbose targetResolver reading package data from C:\projects\angular2-quickstart\node_modules\.bin\tsc.cmd\package.json
37 verbose targetResolver reading package data from C:\projects\angular2-quickstart\node_modules\.bin\tsserver\package.json
38 verbose targetResolver reading package data from C:\projects\angular2-quickstart\node_modules\.bin\tsserver.cmd\package.json
39 verbose already installed skipping lite-server@^2.0.1 C:\projects\angular2-quickstart
40 verbose already installed skipping typescript@^1.7.5 C:\projects\angular2-quickstart
41 verbose already installed skipping angular2@2.0.0-beta.3 C:\projects\angular2-quickstart
42 verbose already installed skipping systemjs@0.19.6 C:\projects\angular2-quickstart
43 verbose already installed skipping es6-promise@^3.0.2 C:\projects\angular2-quickstart
44 verbose already installed skipping es6-shim@^0.33.3 C:\projects\angular2-quickstart
45 verbose already installed skipping reflect-metadata@0.1.2 C:\projects\angular2-quickstart
46 verbose already installed skipping rxjs@5.0.0-beta.0 C:\projects\angular2-quickstart
47 silly cache add args [ 'zone.js@0.5.11', null ]
48 verbose cache add spec zone.js@0.5.11
49 silly cache add parsed spec Result {
49 silly cache add   raw: 'zone.js@0.5.11',
49 silly cache add   scope: null,
49 silly cache add   name: 'zone.js',
49 silly cache add   rawSpec: '0.5.11',
49 silly cache add   spec: '0.5.11',
49 silly cache add   type: 'version' }
50 silly addNamed zone.js@0.5.11
51 verbose addNamed "0.5.11" is a plain semver version for zone.js
52 silly mapToRegistry name zone.js
53 silly mapToRegistry using default registry
54 silly mapToRegistry registry https://registry.npmjs.org/
55 silly mapToRegistry uri https://registry.npmjs.org/zone.js
56 verbose addNameVersion registry:https://registry.npmjs.org/zone.js not in flight; fetching
57 verbose already installed skipping concurrently@^1.0.0 C:\projects\angular2-quickstart
58 verbose request uri https://registry.npmjs.org/zone.js
59 verbose request no auth needed
60 info attempt registry request try #1 at 3:00:26 PM
61 verbose request id 0d4df7108628feda
62 verbose etag "23AS8CHJ194E4TK5ALEP5SS4S"
63 http request GET https://registry.npmjs.org/zone.js
64 http 304 https://registry.npmjs.org/zone.js
65 verbose headers { date: 'Wed, 02 Mar 2016 15:00:26 GMT',
65 verbose headers   via: '1.1 varnish',
65 verbose headers   'cache-control': 'max-age=300',
65 verbose headers   etag: '"23AS8CHJ194E4TK5ALEP5SS4S"',
65 verbose headers   age: '98',
65 verbose headers   connection: 'keep-alive',
65 verbose headers   'x-served-by': 'cache-lhr6331-LHR',
65 verbose headers   'x-cache': 'HIT',
65 verbose headers   'x-cache-hits': '1',
65 verbose headers   'x-timer': 'S1456930826.945805,VS0,VE0',
65 verbose headers   vary: 'Accept' }
66 silly get cb [ 304,
66 silly get   { date: 'Wed, 02 Mar 2016 15:00:26 GMT',
66 silly get     via: '1.1 varnish',
66 silly get     'cache-control': 'max-age=300',
66 silly get     etag: '"23AS8CHJ194E4TK5ALEP5SS4S"',
66 silly get     age: '98',
66 silly get     connection: 'keep-alive',
66 silly get     'x-served-by': 'cache-lhr6331-LHR',
66 silly get     'x-cache': 'HIT',
66 silly get     'x-cache-hits': '1',
66 silly get     'x-timer': 'S1456930826.945805,VS0,VE0',
66 silly get     vary: 'Accept' } ]
67 verbose etag https://registry.npmjs.org/zone.js from cache
68 verbose get saving zone.js to C:\Users\gslinn\AppData\Roaming\npm-cache\registry.npmjs.org\zone.js\.cache.json
69 silly cache afterAdd zone.js@0.5.11
70 verbose afterAdd C:\Users\gslinn\AppData\Roaming\npm-cache\zone.js\0.5.11\package\package.json not in flight; writing
71 verbose afterAdd C:\Users\gslinn\AppData\Roaming\npm-cache\zone.js\0.5.11\package\package.json written
72 silly install resolved [ { name: 'zone.js',
72 silly install resolved     version: '0.5.11',
72 silly install resolved     description: 'Zones for JavaScript',
72 silly install resolved     main: 'lib/zone.js',
72 silly install resolved     files: [ 'lib', 'dist' ],
72 silly install resolved     directories: { lib: 'lib', test: 'test' },
72 silly install resolved     scripts:
72 silly install resolved      { postinstall: 'tsd install',
72 silly install resolved        tsc: 'tsc',
72 silly install resolved        'tsc:w': 'tsc -w',
72 silly install resolved        test: 'karma start karma.conf.js',
72 silly install resolved        serve: 'python -m SimpleHTTPServer 8000' },
72 silly install resolved     repository: { type: 'git', url: 'git://github.com/angular/zone.js.git' },
72 silly install resolved     author: { name: 'Brian Ford' },
72 silly install resolved     license: 'MIT',
72 silly install resolved     bugs: { url: 'https://github.com/angular/zone.js/issues' },
72 silly install resolved     dependencies: { 'es6-promise': '^3.0.2' },
72 silly install resolved     devDependencies:
72 silly install resolved      { gulp: '^3.8.11',
72 silly install resolved        'gulp-util': '^3.0.7',
72 silly install resolved        'gulp-rename': '^1.2.2',
72 silly install resolved        'gulp-uglify': '^1.2.0',
72 silly install resolved        'jasmine-core': '^2.2.0',
72 silly install resolved        'karma-firefox-launcher': '^0.1.4',
72 silly install resolved        'karma-safari-launcher': '^0.1.1',
72 silly install resolved        'karma-sauce-launcher': '^0.2.10',
72 silly install resolved        karma: '^0.13.14',
72 silly install resolved        'karma-chrome-launcher': '^0.2.1',
72 silly install resolved        'karma-jasmine': '^0.3.6',
72 silly install resolved        'karma-sourcemap-loader': '^0.3.6',
72 silly install resolved        'karma-webpack': '^1.7.0',
72 silly install resolved        'ts-loader': '^0.6.0',
72 silly install resolved        tsd: '^0.6.5',
72 silly install resolved        typescript: '^1.7.3',
72 silly install resolved        webpack: '^1.12.2',
72 silly install resolved        'nodejs-websocket': '^1.2.0',
72 silly install resolved        'vinyl-buffer': '^1.0.0',
72 silly install resolved        'vinyl-source-stream': '^1.1.0' },
72 silly install resolved     gitHead: '62955d151e1d90532881934f0da8598e6c93b384',
72 silly install resolved     homepage: 'https://github.com/angular/zone.js#readme',
72 silly install resolved     _id: 'zone.js@0.5.11',
72 silly install resolved     _shasum: '97b84ef72ed1223b6c17c23d414b912c3db86827',
72 silly install resolved     _from: 'zone.js@0.5.11',
72 silly install resolved     _npmVersion: '2.14.7',
72 silly install resolved     _nodeVersion: '4.2.2',
72 silly install resolved     _npmUser: { name: 'btford', email: 'briantford@gmail.com' },
72 silly install resolved     dist:
72 silly install resolved      { shasum: '97b84ef72ed1223b6c17c23d414b912c3db86827',
72 silly install resolved        tarball: 'http://registry.npmjs.org/zone.js/-/zone.js-0.5.11.tgz' },
72 silly install resolved     maintainers: [ [Object] ],
72 silly install resolved     _resolved: 'https://registry.npmjs.org/zone.js/-/zone.js-0.5.11.tgz',
72 silly install resolved     readme: 'ERROR: No README data found!' } ]
73 info install zone.js@0.5.11 into C:\projects\angular2-quickstart
74 info installOne zone.js@0.5.11
75 verbose installOne of zone.js to C:\projects\angular2-quickstart not in flight; installing
76 verbose lock using C:\Users\gslinn\AppData\Roaming\npm-cache\_locks\zone-js-5b20d4729611c4be.lock for C:\projects\angular2-quickstart\node_modules\zone.js
77 silly install write writing zone.js 0.5.11 to C:\projects\angular2-quickstart\node_modules\zone.js
78 verbose unbuild node_modules\zone.js
79 silly gentlyRm C:\projects\angular2-quickstart\node_modules\zone.js is being purged from base C:\projects\angular2-quickstart
80 verbose gentlyRm don't care about contents; nuking C:\projects\angular2-quickstart\node_modules\zone.js
81 verbose tar unpack C:\Users\gslinn\AppData\Roaming\npm-cache\zone.js\0.5.11\package.tgz
82 verbose tar unpacking to C:\projects\angular2-quickstart\node_modules\zone.js
83 silly gentlyRm C:\projects\angular2-quickstart\node_modules\zone.js is being purged
84 verbose gentlyRm don't care about contents; nuking C:\projects\angular2-quickstart\node_modules\zone.js
85 silly gunzTarPerm modes [ '777', '666' ]
86 silly gunzTarPerm extractEntry package.json
87 silly gunzTarPerm modified mode [ 'package.json', 420, 438 ]
88 silly gunzTarPerm extractEntry README.md
89 silly gunzTarPerm modified mode [ 'README.md', 420, 438 ]
90 silly gunzTarPerm extractEntry LICENSE
91 silly gunzTarPerm modified mode [ 'LICENSE', 420, 438 ]
92 silly gunzTarPerm extractEntry dist/jasmine-patch.js
93 silly gunzTarPerm modified mode [ 'dist/jasmine-patch.js', 420, 438 ]
94 silly gunzTarPerm extractEntry dist/jasmine-patch.min.js
95 silly gunzTarPerm modified mode [ 'dist/jasmine-patch.min.js', 420, 438 ]
96 silly gunzTarPerm extractEntry dist/long-stack-trace-zone.js
97 silly gunzTarPerm modified mode [ 'dist/long-stack-trace-zone.js', 420, 438 ]
98 silly gunzTarPerm extractEntry dist/long-stack-trace-zone.min.js
99 silly gunzTarPerm modified mode [ 'dist/long-stack-trace-zone.min.js', 420, 438 ]
100 silly gunzTarPerm extractEntry dist/zone-microtask.js
101 silly gunzTarPerm modified mode [ 'dist/zone-microtask.js', 420, 438 ]
102 silly gunzTarPerm extractEntry dist/zone-microtask.min.js
103 silly gunzTarPerm modified mode [ 'dist/zone-microtask.min.js', 420, 438 ]
104 silly gunzTarPerm extractEntry dist/zone.js
105 silly gunzTarPerm modified mode [ 'dist/zone.js', 420, 438 ]
106 silly gunzTarPerm extractEntry dist/zone.min.js
107 silly gunzTarPerm modified mode [ 'dist/zone.min.js', 420, 438 ]
108 silly gunzTarPerm extractEntry lib/browser/jasmine-patch.ts
109 silly gunzTarPerm modified mode [ 'lib/browser/jasmine-patch.ts', 420, 438 ]
110 silly gunzTarPerm extractEntry lib/browser/long-stack-trace-zone.ts
111 silly gunzTarPerm modified mode [ 'lib/browser/long-stack-trace-zone.ts', 420, 438 ]
112 silly gunzTarPerm extractEntry lib/browser/zone-microtask.ts
113 silly gunzTarPerm modified mode [ 'lib/browser/zone-microtask.ts', 420, 438 ]
114 silly gunzTarPerm extractEntry lib/browser/zone.ts
115 silly gunzTarPerm modified mode [ 'lib/browser/zone.ts', 420, 438 ]
116 silly gunzTarPerm extractEntry lib/core.ts
117 silly gunzTarPerm modified mode [ 'lib/core.ts', 420, 438 ]
118 silly gunzTarPerm extractEntry lib/jasmine/patch.ts
119 silly gunzTarPerm modified mode [ 'lib/jasmine/patch.ts', 420, 438 ]
120 silly gunzTarPerm extractEntry lib/keys.ts
121 silly gunzTarPerm modified mode [ 'lib/keys.ts', 420, 438 ]
122 silly gunzTarPerm extractEntry lib/microtask.ts
123 silly gunzTarPerm modified mode [ 'lib/microtask.ts', 420, 438 ]
124 silly gunzTarPerm extractEntry lib/patch/geolocation.ts
125 silly gunzTarPerm modified mode [ 'lib/patch/geolocation.ts', 420, 438 ]
126 silly gunzTarPerm extractEntry lib/patch/browser.ts
127 silly gunzTarPerm modified mode [ 'lib/patch/browser.ts', 420, 438 ]
128 silly gunzTarPerm extractEntry lib/patch/event-target.ts
129 silly gunzTarPerm modified mode [ 'lib/patch/event-target.ts', 420, 438 ]
130 silly gunzTarPerm extractEntry lib/patch/file-reader.ts
131 silly gunzTarPerm modified mode [ 'lib/patch/file-reader.ts', 420, 438 ]
132 silly gunzTarPerm extractEntry lib/patch/functions.ts
133 silly gunzTarPerm modified mode [ 'lib/patch/functions.ts', 420, 438 ]
134 silly gunzTarPerm extractEntry lib/patch/define-property.ts
135 silly gunzTarPerm modified mode [ 'lib/patch/define-property.ts', 420, 438 ]
136 silly gunzTarPerm extractEntry lib/patch/mutation-observer.ts
137 silly gunzTarPerm modified mode [ 'lib/patch/mutation-observer.ts', 420, 438 ]
138 silly gunzTarPerm extractEntry lib/patch/promise.ts
139 silly gunzTarPerm modified mode [ 'lib/patch/promise.ts', 420, 438 ]
140 silly gunzTarPerm extractEntry lib/patch/property-descriptor.ts
141 silly gunzTarPerm modified mode [ 'lib/patch/property-descriptor.ts', 420, 438 ]
142 silly gunzTarPerm extractEntry lib/patch/register-element.ts
143 silly gunzTarPerm modified mode [ 'lib/patch/register-element.ts', 420, 438 ]
144 silly gunzTarPerm extractEntry lib/patch/websocket.ts
145 silly gunzTarPerm modified mode [ 'lib/patch/websocket.ts', 420, 438 ]
146 silly gunzTarPerm extractEntry lib/utils.ts
147 silly gunzTarPerm modified mode [ 'lib/utils.ts', 420, 438 ]
148 silly gunzTarPerm extractEntry lib/wtf.ts
149 silly gunzTarPerm modified mode [ 'lib/wtf.ts', 420, 438 ]
150 silly gunzTarPerm extractEntry lib/zone.ts
151 silly gunzTarPerm modified mode [ 'lib/zone.ts', 420, 438 ]
152 silly gunzTarPerm extractEntry lib/zones/long-stack-trace.ts
153 silly gunzTarPerm modified mode [ 'lib/zones/long-stack-trace.ts', 420, 438 ]
154 verbose write writing to C:\projects\angular2-quickstart\node_modules\zone.js\package.json
155 info preinstall zone.js@0.5.11
156 verbose readDependencies loading dependencies from C:\projects\angular2-quickstart\node_modules\zone.js\package.json
157 verbose readDependencies loading dependencies from C:\projects\angular2-quickstart\node_modules\zone.js\package.json
158 silly install resolved []
159 verbose about to build C:\projects\angular2-quickstart\node_modules\zone.js
160 info build C:\projects\angular2-quickstart\node_modules\zone.js
161 info linkStuff zone.js@0.5.11
162 silly linkStuff zone.js@0.5.11 has C:\projects\angular2-quickstart\node_modules as its parent node_modules
163 verbose linkBins zone.js@0.5.11
164 verbose linkMans zone.js@0.5.11
165 verbose rebuildBundles zone.js@0.5.11
166 info install zone.js@0.5.11
167 info postinstall zone.js@0.5.11
168 verbose unsafe-perm in lifecycle true
169 info zone.js@0.5.11 Failed to exec postinstall script
170 verbose unlock done using C:\Users\gslinn\AppData\Roaming\npm-cache\_locks\zone-js-5b20d4729611c4be.lock for C:\projects\angular2-quickstart\node_modules\zone.js
171 verbose stack Error: zone.js@0.5.11 postinstall: `tsd install`
171 verbose stack Exit status 1
171 verbose stack     at EventEmitter.<anonymous> (C:\Program Files (x86)\nodejs\node_modules\npm\lib\utils\lifecycle.js:214:16)
171 verbose stack     at emitTwo (events.js:87:13)
171 verbose stack     at EventEmitter.emit (events.js:172:7)
171 verbose stack     at ChildProcess.<anonymous> (C:\Program Files (x86)\nodejs\node_modules\npm\lib\utils\spawn.js:24:14)
171 verbose stack     at emitTwo (events.js:87:13)
171 verbose stack     at ChildProcess.emit (events.js:172:7)
171 verbose stack     at maybeClose (internal/child_process.js:821:16)
171 verbose stack     at Process.ChildProcess._handle.onexit (internal/child_process.js:211:5)
172 verbose pkgid zone.js@0.5.11
173 verbose cwd C:\projects\angular2-quickstart
174 error Windows_NT 6.1.7601
175 error argv "C:\\Program Files (x86)\\nodejs\\node.exe" "C:\\Program Files (x86)\\nodejs\\node_modules\\npm\\bin\\npm-cli.js" "install"
176 error node v4.2.6
177 error npm  v2.14.12
178 error code ELIFECYCLE
179 error zone.js@0.5.11 postinstall: `tsd install`
179 error Exit status 1
180 error Failed at the zone.js@0.5.11 postinstall script 'tsd install'.
180 error This is most likely a problem with the zone.js package,
180 error not with npm itself.
180 error Tell the author that this fails on your system:
180 error     tsd install
180 error You can get their info via:
180 error     npm owner ls zone.js
180 error There is likely additional logging output above.
181 verbose exit [ 1, true ]
182 verbose unbuild node_modules\zone.js
183 info preuninstall zone.js@0.5.11
184 info uninstall zone.js@0.5.11
185 verbose unbuild rmStuff zone.js@0.5.11 from C:\projects\angular2-quickstart\node_modules
186 info postuninstall zone.js@0.5.11
187 silly gentlyRm C:\projects\angular2-quickstart\node_modules\zone.js is being purged from base C:\projects\angular2-quickstart
188 verbose gentlyRm don't care about contents; nuking C:\projects\angular2-quickstart\node_modules\zone.js
189 silly vacuum-fs purging C:\projects\angular2-quickstart\node_modules\zone.js
190 silly vacuum-fs quitting because other entries in C:\projects\angular2-quickstart\node_modules
